<?xml version="1.0" encoding="UTF-8"?>
<!-- Generated by org.testng.reporters.JUnitReportReporter -->
<testsuite skipped="0" hostname="user" name="Extent.Button" tests="1" failures="0" timestamp="14 May 2019 15:44:27 GMT" time="34.589" errors="0">
  <testcase name="m1" time="34.589" classname="Extent.Button"/>
</testsuite> <!-- Extent.Button -->
