<?xml version="1.0" encoding="UTF-8"?>
<!-- Generated by org.testng.reporters.JUnitReportReporter -->
<testsuite skipped="0" hostname="user" name="Extent.Demo" tests="1" failures="0" timestamp="14 May 2019 15:50:50 GMT" time="10.635" errors="0">
  <testcase name="main" time="10.635" classname="Extent.Demo"/>
</testsuite> <!-- Extent.Demo -->
