<?xml version="1.0" encoding="UTF-8"?>
<!-- Generated by org.testng.reporters.JUnitReportReporter -->
<testsuite skipped="0" hostname="user" name="Extent.Googlebrokenlink" tests="1" failures="0" timestamp="14 May 2019 15:53:29 GMT" time="54.440" errors="0">
  <testcase name="main" time="54.440" classname="Extent.Googlebrokenlink"/>
</testsuite> <!-- Extent.Googlebrokenlink -->
